
**** Build of configuration gcc-debug for project ABEpro ****

make MODE=debug CONFIGNAME=gcc-debug all 
g++ -c -g -Wall -fPIC  -fno-stack-protector -DHAVE_SWAPCONTEXT  -DHAVE_PCAP -DXMLPARSER=libxml -DWITH_PARSIM -DWITH_NETBUILDER  -I/usr/local/lib -I. -Iauthority -Iauthorizer -Iconsumer -I"original file backup" -Iowner -Ipublic -Iresource_server -Iresults -Iresults/CPU-30min -Iresults/Crypt -Iresults/SIM-500s -Iresults/nocrypt -Iresults/pkRate-500-1 -Iresults/pkRate-500-2 -Iresults/previous -Iresults/stack-7M -I/home/s29zhu/researchproject/omnetpp-4.2.2/include -o out/gcc-debug//ResourceProcess.o ResourceProcess.cc
g++ -c -g -Wall -fPIC  -fno-stack-protector -DHAVE_SWAPCONTEXT  -DHAVE_PCAP -DXMLPARSER=libxml -DWITH_PARSIM -DWITH_NETBUILDER  -I/usr/local/lib -I. -Iauthority -Iauthorizer -Iconsumer -I"original file backup" -Iowner -Ipublic -Iresource_server -Iresults -Iresults/CPU-30min -Iresults/Crypt -Iresults/SIM-500s -Iresults/nocrypt -Iresults/pkRate-500-1 -Iresults/pkRate-500-2 -Iresults/previous -Iresults/stack-7M -I/home/s29zhu/researchproject/omnetpp-4.2.2/include -o out/gcc-debug//Attribute.o Attribute.cc
g++ -c -g -Wall -fPIC  -fno-stack-protector -DHAVE_SWAPCONTEXT  -DHAVE_PCAP -DXMLPARSER=libxml -DWITH_PARSIM -DWITH_NETBUILDER  -I/usr/local/lib -I. -Iauthority -Iauthorizer -Iconsumer -I"original file backup" -Iowner -Ipublic -Iresource_server -Iresults -Iresults/CPU-30min -Iresults/Crypt -Iresults/SIM-500s -Iresults/nocrypt -Iresults/pkRate-500-1 -Iresults/pkRate-500-2 -Iresults/previous -Iresults/stack-7M -I/home/s29zhu/researchproject/omnetpp-4.2.2/include -o out/gcc-debug//Owner.o Owner.cc
Owner.cc: In member function ‘virtual void Owner::initialize()’:
Owner.cc:31:9: warning: variable ‘consumerAddr’ set but not used [-Wunused-but-set-variable]
Owner.cc:32:9: warning: variable ‘ownerAddr’ set but not used [-Wunused-but-set-variable]
g++ -c -g -Wall -fPIC  -fno-stack-protector -DHAVE_SWAPCONTEXT  -DHAVE_PCAP -DXMLPARSER=libxml -DWITH_PARSIM -DWITH_NETBUILDER  -I/usr/local/lib -I. -Iauthority -Iauthorizer -Iconsumer -I"original file backup" -Iowner -Ipublic -Iresource_server -Iresults -Iresults/CPU-30min -Iresults/Crypt -Iresults/SIM-500s -Iresults/nocrypt -Iresults/pkRate-500-1 -Iresults/pkRate-500-2 -Iresults/previous -Iresults/stack-7M -I/home/s29zhu/researchproject/omnetpp-4.2.2/include -o out/gcc-debug//Consumer.o Consumer.cc
g++ -c -g -Wall -fPIC  -fno-stack-protector -DHAVE_SWAPCONTEXT  -DHAVE_PCAP -DXMLPARSER=libxml -DWITH_PARSIM -DWITH_NETBUILDER  -I/usr/local/lib -I. -Iauthority -Iauthorizer -Iconsumer -I"original file backup" -Iowner -Ipublic -Iresource_server -Iresults -Iresults/CPU-30min -Iresults/Crypt -Iresults/SIM-500s -Iresults/nocrypt -Iresults/pkRate-500-1 -Iresults/pkRate-500-2 -Iresults/previous -Iresults/stack-7M -I/home/s29zhu/researchproject/omnetpp-4.2.2/include -o out/gcc-debug//poly.o poly.cc
g++ -c -g -Wall -fPIC  -fno-stack-protector -DHAVE_SWAPCONTEXT  -DHAVE_PCAP -DXMLPARSER=libxml -DWITH_PARSIM -DWITH_NETBUILDER  -I/usr/local/lib -I. -Iauthority -Iauthorizer -Iconsumer -I"original file backup" -Iowner -Ipublic -Iresource_server -Iresults -Iresults/CPU-30min -Iresults/Crypt -Iresults/SIM-500s -Iresults/nocrypt -Iresults/pkRate-500-1 -Iresults/pkRate-500-2 -Iresults/previous -Iresults/stack-7M -I/home/s29zhu/researchproject/omnetpp-4.2.2/include -o out/gcc-debug//OwnerProcess.o OwnerProcess.cc
g++ -c -g -Wall -fPIC  -fno-stack-protector -DHAVE_SWAPCONTEXT  -DHAVE_PCAP -DXMLPARSER=libxml -DWITH_PARSIM -DWITH_NETBUILDER  -I/usr/local/lib -I. -Iauthority -Iauthorizer -Iconsumer -I"original file backup" -Iowner -Ipublic -Iresource_server -Iresults -Iresults/CPU-30min -Iresults/Crypt -Iresults/SIM-500s -Iresults/nocrypt -Iresults/pkRate-500-1 -Iresults/pkRate-500-2 -Iresults/previous -Iresults/stack-7M -I/home/s29zhu/researchproject/omnetpp-4.2.2/include -o out/gcc-debug//galois.o galois.cc
galois.cc: In function ‘void galois_invert_binary_matrix(int*, int*, int)’:
g++ -c -g -Wall -fPIC  -fno-stack-protector -DHAVE_SWAPCONTEXT  -DHAVE_PCAP -DXMLPARSER=libxml -DWITH_PARSIM -DWITH_NETBUILDER  -I/usr/local/lib -I. -Iauthority -Iauthorizer -Iconsumer -I"original file backup" -Iowner -Ipublic -Iresource_server -Iresults -Iresults/CPU-30min -Iresults/Crypt -Iresults/SIM-500s -Iresults/nocrypt -Iresults/pkRate-500-1 -Iresults/pkRate-500-2 -Iresults/previous -Iresults/stack-7M -I/home/s29zhu/researchproject/omnetpp-4.2.2/include -o out/gcc-debug//MasterProcess.o MasterProcess.cc
galois.cc:547:19: warning: unused variable ‘k’ [-Wunused-variable]
galois.cc: In function ‘int galois_shift_inverse(int, int)’:
galois.cc:602:7: warning: unused variable ‘mat’ [-Wunused-variable]
galois.cc:603:7: warning: unused variable ‘inv’ [-Wunused-variable]
galois.cc:604:7: warning: unused variable ‘ind’ [-Wunused-variable]
galois.cc:604:15: warning: unused variable ‘j’ [-Wunused-variable]
galois.cc:604:18: warning: unused variable ‘k’ [-Wunused-variable]
galois.cc:604:21: warning: unused variable ‘prod’ [-Wunused-variable]
galois.cc: In function ‘void galois_w32_region_multiply(char*, int, int, char*, int)’:
galois.cc:668:29: warning: unused variable ‘cp’ [-Wunused-variable]
galois.cc:668:34: warning: variable ‘ur2top’ set but not used [-Wunused-but-set-variable]
galois.cc:669:18: warning: unused variable ‘lp2’ [-Wunused-variable]
galois.cc:669:24: warning: unused variable ‘lptop’ [-Wunused-variable]
g++ -c -g -Wall -fPIC  -fno-stack-protector -DHAVE_SWAPCONTEXT  -DHAVE_PCAP -DXMLPARSER=libxml -DWITH_PARSIM -DWITH_NETBUILDER  -I/usr/local/lib -I. -Iauthority -Iauthorizer -Iconsumer -I"original file backup" -Iowner -Ipublic -Iresource_server -Iresults -Iresults/CPU-30min -Iresults/Crypt -Iresults/SIM-500s -Iresults/nocrypt -Iresults/pkRate-500-1 -Iresults/pkRate-500-2 -Iresults/previous -Iresults/stack-7M -I/home/s29zhu/researchproject/omnetpp-4.2.2/include -o out/gcc-debug//ConsumerProcess.o ConsumerProcess.cc
g++ -c -g -Wall -fPIC  -fno-stack-protector -DHAVE_SWAPCONTEXT  -DHAVE_PCAP -DXMLPARSER=libxml -DWITH_PARSIM -DWITH_NETBUILDER  -I/usr/local/lib -I. -Iauthority -Iauthorizer -Iconsumer -I"original file backup" -Iowner -Ipublic -Iresource_server -Iresults -Iresults/CPU-30min -Iresults/Crypt -Iresults/SIM-500s -Iresults/nocrypt -Iresults/pkRate-500-1 -Iresults/pkRate-500-2 -Iresults/previous -Iresults/stack-7M -I/home/s29zhu/researchproject/omnetpp-4.2.2/include -o out/gcc-debug//Resource.o Resource.cc
g++ -c -g -Wall -fPIC  -fno-stack-protector -DHAVE_SWAPCONTEXT  -DHAVE_PCAP -DXMLPARSER=libxml -DWITH_PARSIM -DWITH_NETBUILDER  -I/usr/local/lib -I. -Iauthority -Iauthorizer -Iconsumer -I"original file backup" -Iowner -Ipublic -Iresource_server -Iresults -Iresults/CPU-30min -Iresults/Crypt -Iresults/SIM-500s -Iresults/nocrypt -Iresults/pkRate-500-1 -Iresults/pkRate-500-2 -Iresults/previous -Iresults/stack-7M -I/home/s29zhu/researchproject/omnetpp-4.2.2/include -o out/gcc-debug//grs.o grs.cc
g++ -c -g -Wall -fPIC  -fno-stack-protector -DHAVE_SWAPCONTEXT  -DHAVE_PCAP -DXMLPARSER=libxml -DWITH_PARSIM -DWITH_NETBUILDER  -I/usr/local/lib -I. -Iauthority -Iauthorizer -Iconsumer -I"original file backup" -Iowner -Ipublic -Iresource_server -Iresults -Iresults/CPU-30min -Iresults/Crypt -Iresults/SIM-500s -Iresults/nocrypt -Iresults/pkRate-500-1 -Iresults/pkRate-500-2 -Iresults/previous -Iresults/stack-7M -I/home/s29zhu/researchproject/omnetpp-4.2.2/include -o out/gcc-debug//Master.o Master.cc
g++ -c -g -Wall -fPIC  -fno-stack-protector -DHAVE_SWAPCONTEXT  -DHAVE_PCAP -DXMLPARSER=libxml -DWITH_PARSIM -DWITH_NETBUILDER  -I/usr/local/lib -I. -Iauthority -Iauthorizer -Iconsumer -I"original file backup" -Iowner -Ipublic -Iresource_server -Iresults -Iresults/CPU-30min -Iresults/Crypt -Iresults/SIM-500s -Iresults/nocrypt -Iresults/pkRate-500-1 -Iresults/pkRate-500-2 -Iresults/previous -Iresults/stack-7M -I/home/s29zhu/researchproject/omnetpp-4.2.2/include -o out/gcc-debug//Cloud.o Cloud.cc
g++ -c -g -Wall -fPIC  -fno-stack-protector -DHAVE_SWAPCONTEXT  -DHAVE_PCAP -DXMLPARSER=libxml -DWITH_PARSIM -DWITH_NETBUILDER  -I/usr/local/lib -I. -Iauthority -Iauthorizer -Iconsumer -I"original file backup" -Iowner -Ipublic -Iresource_server -Iresults -Iresults/CPU-30min -Iresults/Crypt -Iresults/SIM-500s -Iresults/nocrypt -Iresults/pkRate-500-1 -Iresults/pkRate-500-2 -Iresults/previous -Iresults/stack-7M -I/home/s29zhu/researchproject/omnetpp-4.2.2/include -o out/gcc-debug//AttributeProcess.o AttributeProcess.cc
g++ -c -g -Wall -fPIC  -fno-stack-protector -DHAVE_SWAPCONTEXT  -DHAVE_PCAP -DXMLPARSER=libxml -DWITH_PARSIM -DWITH_NETBUILDER  -I/usr/local/lib -I. -Iauthority -Iauthorizer -Iconsumer -I"original file backup" -Iowner -Ipublic -Iresource_server -Iresults -Iresults/CPU-30min -Iresults/Crypt -Iresults/SIM-500s -Iresults/nocrypt -Iresults/pkRate-500-1 -Iresults/pkRate-500-2 -Iresults/previous -Iresults/stack-7M -I/home/s29zhu/researchproject/omnetpp-4.2.2/include -o out/gcc-debug//message_handle.o message_handle.cc
g++ -c -g -Wall -fPIC  -fno-stack-protector -DHAVE_SWAPCONTEXT  -DHAVE_PCAP -DXMLPARSER=libxml -DWITH_PARSIM -DWITH_NETBUILDER  -I/usr/local/lib -I. -Iauthority -Iauthorizer -Iconsumer -I"original file backup" -Iowner -Ipublic -Iresource_server -Iresults -Iresults/CPU-30min -Iresults/Crypt -Iresults/SIM-500s -Iresults/nocrypt -Iresults/pkRate-500-1 -Iresults/pkRate-500-2 -Iresults/previous -Iresults/stack-7M -I/home/s29zhu/researchproject/omnetpp-4.2.2/include -o out/gcc-debug//UCACPacket_m.o UCACPacket_m.cc
g++ -Wl,-rpath,/home/s29zhu/researchproject/omnetpp-4.2.2/lib -Wl,-rpath,. -o out/gcc-debug//ABEpro  out/gcc-debug//ResourceProcess.o out/gcc-debug//Attribute.o out/gcc-debug//Owner.o out/gcc-debug//Consumer.o out/gcc-debug//poly.o out/gcc-debug//OwnerProcess.o out/gcc-debug//galois.o out/gcc-debug//MasterProcess.o out/gcc-debug//ConsumerProcess.o out/gcc-debug//Resource.o out/gcc-debug//grs.o out/gcc-debug//Master.o out/gcc-debug//Cloud.o out/gcc-debug//AttributeProcess.o out/gcc-debug//message_handle.o out/gcc-debug//UCACPacket_m.o  -Wl,--no-as-needed -Wl,--whole-archive -L/usr/local/lib  -lgmp -lpbc -Wl,-rpath,`abspath /usr/local/lib` -Wl,--no-whole-archive -L"/home/s29zhu/researchproject/omnetpp-4.2.2/lib/gcc" -L"/home/s29zhu/researchproject/omnetpp-4.2.2/lib" -loppmaind -u _tkenv_lib -Wl,--no-as-needed -lopptkenvd -loppenvird -lopplayoutd -u _cmdenv_lib -Wl,--no-as-needed -loppcmdenvd -loppenvird  -loppsimd -ldl -lstdc++ 
ln -sf out/gcc-debug//ABEpro .

**** Build Finished ****
